<?xml version="1.0" encoding="UTF-8"?>
<!-- Generated by org.testng.reporters.JUnitReportReporter -->
<<<<<<< HEAD
<testsuite hostname="EMEITLP124" failures="0" tests="1" name="com.Eme.testcases.HomePageTestCases" time="33.258" errors="0" timestamp="2022-03-09T11:58:47 IST" skipped="0">
  <testcase classname="com.Eme.testcases.HomePageTestCases" name="logoClickActionTest" time="33.258"/>
=======
<testsuite hostname="EMEITLP124" failures="0" tests="1" name="com.Eme.testcases.HomePageTestCases" time="12.187" errors="0" timestamp="2022-03-19T11:34:15 IST" skipped="0">
  <testcase classname="com.Eme.testcases.HomePageTestCases" name="logoClickActionTest" time="12.187"/>
>>>>>>> 67a5b71 (All chnages)
  <system-out/>
</testsuite> <!-- com.Eme.testcases.HomePageTestCases -->
