<?xml version="1.0" encoding="UTF-8"?>
<!-- Generated by org.testng.reporters.JUnitReportReporter -->
<testsuite hostname="EMEITLP124" failures="0" tests="4" name="com.Eme.testcases.HomePageTestCases" time="11.757" errors="0" timestamp="2022-03-30T08:57:37 IST" skipped="3">
  <testcase classname="com.Eme.testcases.HomePageTestCases" name="cartCountTest" time="11.757"/>
  <system-out/>
  <testcase classname="com.Eme.testcases.HomePageTestCases" name="helplinkTest">
    <skipped/>
  </testcase> <!-- helplinkTest -->
  <system-out/>
  <testcase classname="com.Eme.testcases.HomePageTestCases" name="logoClickActionTest">
    <skipped/>
  </testcase> <!-- logoClickActionTest -->
  <system-out/>
  <testcase classname="com.Eme.testcases.HomePageTestCases" name="cartPresence">
    <skipped/>
  </testcase> <!-- cartPresence -->
  <system-out/>
</testsuite> <!-- com.Eme.testcases.HomePageTestCases -->
