<?xml version="1.0" encoding="UTF-8"?>
<!-- Generated by org.testng.reporters.JUnitReportReporter -->
<testsuite hostname="EMEITLP124" failures="0" tests="1" name="com.Eme.testcases.HomePageTestCases" time="6.698" errors="0" timestamp="2022-03-05T18:44:35 IST" skipped="0">
  <testcase classname="com.Eme.testcases.HomePageTestCases" name="logoClickActionTest" time="6.698"/>
  <system-out/>
</testsuite> <!-- com.Eme.testcases.HomePageTestCases -->
