<?xml version="1.0" encoding="UTF-8"?>
<!-- Generated by org.testng.reporters.JUnitReportReporter -->
<testsuite hostname="EMEITLP124" failures="0" tests="8" name="com.Eme.testcases.LoginPageTestCases" time="9.155" errors="0" timestamp="2022-08-25T08:58:39 IST" skipped="7">
  <testcase classname="com.Eme.testcases.LoginPageTestCases" name="LoginTest_008" time="9.155"/>
  <system-out/>
  <testcase classname="com.Eme.testcases.LoginPageTestCases" name="LoginTest_002">
    <skipped/>
  </testcase> <!-- LoginTest_002 -->
  <system-out/>
  <testcase classname="com.Eme.testcases.LoginPageTestCases" name="LoginTest_001">
    <skipped/>
  </testcase> <!-- LoginTest_001 -->
  <system-out/>
  <testcase classname="com.Eme.testcases.LoginPageTestCases" name="LoginTest_003">
    <skipped/>
  </testcase> <!-- LoginTest_003 -->
  <system-out/>
  <testcase classname="com.Eme.testcases.LoginPageTestCases" name="LoginTest_004">
    <skipped/>
  </testcase> <!-- LoginTest_004 -->
  <system-out/>
  <testcase classname="com.Eme.testcases.LoginPageTestCases" name="LoginTest_006">
    <skipped/>
  </testcase> <!-- LoginTest_006 -->
  <system-out/>
  <testcase classname="com.Eme.testcases.LoginPageTestCases" name="LoginTest_005">
    <skipped/>
  </testcase> <!-- LoginTest_005 -->
  <system-out/>
  <testcase classname="com.Eme.testcases.LoginPageTestCases" name="LoginTest_007">
    <skipped/>
  </testcase> <!-- LoginTest_007 -->
  <system-out/>
</testsuite> <!-- com.Eme.testcases.LoginPageTestCases -->
