<?xml version="1.0" encoding="UTF-8"?>
<!-- Generated by org.testng.reporters.JUnitReportReporter -->
<testsuite hostname="EMEITLP124" failures="0" tests="5" name="com.Eme.testcases.HomePageTestCases" time="9.418" errors="0" timestamp="2022-04-07T16:41:39 IST" skipped="4">
  <testcase classname="com.Eme.testcases.HomePageTestCases" name="menuItemsTest" time="9.418"/>
  <system-out/>
  <testcase classname="com.Eme.testcases.HomePageTestCases" name="helplinkTest">
    <skipped/>
  </testcase> <!-- helplinkTest -->
  <system-out/>
  <testcase classname="com.Eme.testcases.HomePageTestCases" name="logoClickActionTest">
    <skipped/>
  </testcase> <!-- logoClickActionTest -->
  <system-out/>
  <testcase classname="com.Eme.testcases.HomePageTestCases" name="cartPresence">
    <skipped/>
  </testcase> <!-- cartPresence -->
  <system-out/>
  <testcase classname="com.Eme.testcases.HomePageTestCases" name="cartCountTest">
    <skipped/>
  </testcase> <!-- cartCountTest -->
  <system-out/>
</testsuite> <!-- com.Eme.testcases.HomePageTestCases -->
