<?xml version="1.0" encoding="UTF-8"?>
<!-- Generated by org.testng.reporters.JUnitReportReporter -->
<testsuite hostname="EMEITLP124" failures="0" tests="7" name="com.Eme.testcases.HomePageTestCases" time="13.261" errors="0" timestamp="2022-05-05T21:46:31 IST" skipped="6">
  <testcase classname="com.Eme.testcases.HomePageTestCases" name="searchresCountTest" time="13.261"/>
  <system-out/>
  <testcase classname="com.Eme.testcases.HomePageTestCases" name="helplinkTest">
    <skipped/>
  </testcase> <!-- helplinkTest -->
  <system-out/>
  <testcase classname="com.Eme.testcases.HomePageTestCases" name="menuItemsTest">
    <skipped/>
  </testcase> <!-- menuItemsTest -->
  <system-out/>
  <testcase classname="com.Eme.testcases.HomePageTestCases" name="logoClickActionTest">
    <skipped/>
  </testcase> <!-- logoClickActionTest -->
  <system-out/>
  <testcase classname="com.Eme.testcases.HomePageTestCases" name="cartPresence">
    <skipped/>
  </testcase> <!-- cartPresence -->
  <system-out/>
  <testcase classname="com.Eme.testcases.HomePageTestCases" name="sortValTest">
    <skipped/>
  </testcase> <!-- sortValTest -->
  <system-out/>
  <testcase classname="com.Eme.testcases.HomePageTestCases" name="cartCountTest">
    <skipped/>
  </testcase> <!-- cartCountTest -->
  <system-out/>
</testsuite> <!-- com.Eme.testcases.HomePageTestCases -->
