<?xml version="1.0" encoding="UTF-8"?>
<!-- Generated by org.testng.reporters.JUnitReportReporter -->
<testsuite hostname="EMEITLP124" failures="0" tests="8" name="com.Eme.testcases.HomePageTestCases" time="3013.680" errors="0" timestamp="2022-07-02T11:31:12 IST" skipped="7">
  <testcase classname="com.Eme.testcases.HomePageTestCases" name="validateCartCount" time="3013.680"/>
  <system-out/>
  <testcase classname="com.Eme.testcases.HomePageTestCases" name="helplinkTest">
    <skipped/>
  </testcase> <!-- helplinkTest -->
  <system-out/>
  <testcase classname="com.Eme.testcases.HomePageTestCases" name="menuItemsTest">
    <skipped/>
  </testcase> <!-- menuItemsTest -->
  <system-out/>
  <testcase classname="com.Eme.testcases.HomePageTestCases" name="logoClickActionTest">
    <skipped/>
  </testcase> <!-- logoClickActionTest -->
  <system-out/>
  <testcase classname="com.Eme.testcases.HomePageTestCases" name="searchresCountTest">
    <skipped/>
  </testcase> <!-- searchresCountTest -->
  <system-out/>
  <testcase classname="com.Eme.testcases.HomePageTestCases" name="cartPresence">
    <skipped/>
  </testcase> <!-- cartPresence -->
  <system-out/>
  <testcase classname="com.Eme.testcases.HomePageTestCases" name="sortValTest">
    <skipped/>
  </testcase> <!-- sortValTest -->
  <system-out/>
  <testcase classname="com.Eme.testcases.HomePageTestCases" name="cartCountTest">
    <skipped/>
  </testcase> <!-- cartCountTest -->
  <system-out/>
</testsuite> <!-- com.Eme.testcases.HomePageTestCases -->
