<?xml version="1.0" encoding="UTF-8"?>
<!-- Generated by org.testng.reporters.JUnitReportReporter -->
<testsuite hostname="EMEITLP124" failures="0" tests="6" name="com.Eme.testcases.LoginPageTestCases" time="12.410" errors="0" timestamp="2022-07-05T18:35:14 IST" skipped="5">
  <testcase classname="com.Eme.testcases.LoginPageTestCases" name="LoginTest_006" time="12.410"/>
  <system-out/>
  <testcase classname="com.Eme.testcases.LoginPageTestCases" name="LoginTest_002">
    <skipped/>
  </testcase> <!-- LoginTest_002 -->
  <system-out/>
  <testcase classname="com.Eme.testcases.LoginPageTestCases" name="LoginTest_001">
    <skipped/>
  </testcase> <!-- LoginTest_001 -->
  <system-out/>
  <testcase classname="com.Eme.testcases.LoginPageTestCases" name="LoginTest_003">
    <skipped/>
  </testcase> <!-- LoginTest_003 -->
  <system-out/>
  <testcase classname="com.Eme.testcases.LoginPageTestCases" name="LoginTest_004">
    <skipped/>
  </testcase> <!-- LoginTest_004 -->
  <system-out/>
  <testcase classname="com.Eme.testcases.LoginPageTestCases" name="LoginTest_005">
    <skipped/>
  </testcase> <!-- LoginTest_005 -->
  <system-out/>
</testsuite> <!-- com.Eme.testcases.LoginPageTestCases -->
