<?xml version="1.0" encoding="UTF-8"?>
<!-- Generated by org.testng.reporters.JUnitReportReporter -->
<testsuite hostname="EMEITLP124" failures="0" tests="6" name="com.Eme.testcases.cartTestCases" time="10.998" errors="0" timestamp="2022-10-11T21:35:24 IST" skipped="5">
  <testcase classname="com.Eme.testcases.cartTestCases" name="isLogoExist" time="10.998"/>
  <system-out/>
  <testcase classname="com.Eme.testcases.cartTestCases" name="emptyCartTest">
    <skipped/>
  </testcase> <!-- emptyCartTest -->
  <system-out/>
  <testcase classname="com.Eme.testcases.cartTestCases" name="myBagColorTest">
    <skipped/>
  </testcase> <!-- myBagColorTest -->
  <system-out/>
  <testcase classname="com.Eme.testcases.cartTestCases" name="cartStepDataTest">
    <skipped/>
  </testcase> <!-- cartStepDataTest -->
  <system-out/>
  <testcase classname="com.Eme.testcases.cartTestCases" name="emptyCartbtnTest">
    <skipped/>
  </testcase> <!-- emptyCartbtnTest -->
  <system-out/>
  <testcase classname="com.Eme.testcases.cartTestCases" name="loginPopupOpenTest">
    <skipped/>
  </testcase> <!-- loginPopupOpenTest -->
  <system-out/>
</testsuite> <!-- com.Eme.testcases.cartTestCases -->
