<?xml version="1.0" encoding="UTF-8"?>
<!-- Generated by org.testng.reporters.JUnitReportReporter -->
<testsuite hostname="EMEITLP124" failures="0" tests="7" name="com.Eme.testcases.HomePageTestCases" time="13.449" errors="0" timestamp="2022-04-21T21:01:56 IST" skipped="6">
  <testcase classname="com.Eme.testcases.HomePageTestCases" name="sortValTest" time="13.449"/>
  <testcase classname="com.Eme.testcases.HomePageTestCases" name="helplinkTest">
    <skipped/>
  </testcase> <!-- helplinkTest -->
  <testcase classname="com.Eme.testcases.HomePageTestCases" name="menuItemsTest">
    <skipped/>
  </testcase> <!-- menuItemsTest -->
  <testcase classname="com.Eme.testcases.HomePageTestCases" name="logoClickActionTest">
    <skipped/>
  </testcase> <!-- logoClickActionTest -->
  <testcase classname="com.Eme.testcases.HomePageTestCases" name="searchresCountTest">
    <skipped/>
  </testcase> <!-- searchresCountTest -->
  <testcase classname="com.Eme.testcases.HomePageTestCases" name="cartPresence">
    <skipped/>
  </testcase> <!-- cartPresence -->
  <testcase classname="com.Eme.testcases.HomePageTestCases" name="cartCountTest">
    <skipped/>
  </testcase> <!-- cartCountTest -->
</testsuite> <!-- com.Eme.testcases.HomePageTestCases -->
